
> lms-frontend@0.1.0 build
> next build

   ▲ Next.js 16.0.7 (Turbopack)

   Creating an optimized production build ...
 ✓ Compiled successfully in 11.0s
   Running TypeScript ...
   Collecting page data using 7 workers ...
   Generating static pages using 7 workers (0/7) ...
   Generating static pages using 7 workers (1/7) 
   Generating static pages using 7 workers (3/7) 
   Generating static pages using 7 workers (5/7) 
 ✓ Generating static pages using 7 workers (7/7) in 1245.1ms
   Finalizing page optimization ...

Route (app)
┌ ○ /
├ ○ /_not-found
├ ○ /admin
├ ƒ /admin/[id]/assign
├ ƒ /admin/[id]/assign/batch
├ ƒ /admin/[id]/assign/student
├ ƒ /admin/[id]/assign/teacher
├ ƒ /admin/[id]/batches
├ ƒ /admin/[id]/batches/create
├ ƒ /admin/[id]/batches/view
├ ƒ /admin/[id]/courses
├ ƒ /admin/[id]/courses/all
├ ƒ /admin/[id]/courses/assign-batch
├ ƒ /admin/[id]/courses/assign-students
├ ƒ /admin/[id]/courses/assign-teacher
├ ƒ /admin/[id]/courses/create
├ ƒ /admin/[id]/dashboard
├ ƒ /admin/[id]/students
├ ƒ /admin/[id]/students/all
├ ƒ /admin/[id]/students/details/[studentId]
├ ƒ /admin/[id]/students/find/[courseNo]
├ ƒ /admin/[id]/students/find/[courseNo]/[batch]
├ ƒ /admin/[id]/students/new
├ ƒ /admin/[id]/students/view
├ ƒ /admin/[id]/teachers
├ ƒ /admin/[id]/teachers/new
├ ○ /students
├ ƒ /students/[id]
├ ƒ /students/[id]/courses
├ ƒ /students/[id]/courses/announcement
├ ƒ /students/[id]/courses/assignments
├ ƒ /students/[id]/courses/attendance
├ ƒ /students/[id]/courses/marks
├ ƒ /students/[id]/courses/resources
├ ƒ /students/[id]/dashboard
├ ƒ /students/[id]/profile
├ ƒ /students/[id]/reg-card
├ ƒ /students/[id]/result
├ ○ /teachers
├ ƒ /teachers/[id]
├ ƒ /teachers/[id]/course-actions
├ ƒ /teachers/[id]/course-actions/announcements
├ ƒ /teachers/[id]/course-actions/announcements/[courseId]
├ ƒ /teachers/[id]/course-actions/assignments
├ ƒ /teachers/[id]/course-actions/assignments/[courseId]
├ ƒ /teachers/[id]/course-actions/assignments/[courseId]/[assignmentId]
├ ƒ /teachers/[id]/course-actions/attendance
├ ƒ /teachers/[id]/course-actions/attendance/check
├ ƒ /teachers/[id]/course-actions/attendance/check/[courseNo]
├ ƒ /teachers/[id]/course-actions/attendance/check/[courseNo]/[batch]
├ ƒ /teachers/[id]/course-actions/attendance/check/[courseNo]/[batch]/[studentId]
├ ƒ /teachers/[id]/course-actions/attendance/mark
├ ƒ /teachers/[id]/course-actions/attendance/mark/[courseId]
├ ƒ /teachers/[id]/course-actions/attendance/mark/[courseId]/[batch]
├ ƒ /teachers/[id]/course-actions/marks
├ ƒ /teachers/[id]/course-actions/marks/[courseNo]
├ ƒ /teachers/[id]/course-actions/marks/[courseNo]/[batch]
├ ƒ /teachers/[id]/course-actions/marks/select-course
├ ƒ /teachers/[id]/courses
├ ƒ /teachers/[id]/dashboard
├ ƒ /teachers/[id]/profile
├ ƒ /teachers/[id]/students
├ ƒ /teachers/[id]/students/[courseNo]
└ ƒ /teachers/[id]/students/[courseNo]/[batch]


○  (Static)   prerendered as static content
ƒ  (Dynamic)  server-rendered on demand

