
> lms-frontend@0.1.0 build
> next build

   ▲ Next.js 16.0.7 (Turbopack)

   Creating an optimized production build ...
 ✓ Compiled successfully in 10.4s
   Running TypeScript ...
Failed to compile.

./app/students/[id]/profile/page.tsx:86:29
Type error: Type '{ hidden: { opacity: number; y: number; }; visible: { opacity: number; y: number; transition: { duration: number; ease: string; }; }; }' is not assignable to type 'Variants'.
  Property 'visible' is incompatible with index signature.
    Type '{ opacity: number; y: number; transition: { duration: number; ease: string; }; }' is not assignable to type 'Variant'.
      Type '{ opacity: number; y: number; transition: { duration: number; ease: string; }; }' is not assignable to type 'TargetAndTransition'.
        Type '{ opacity: number; y: number; transition: { duration: number; ease: string; }; }' is not assignable to type '{ transition?: Transition<any> | undefined; transitionEnd?: ResolvedValues | undefined; }'.
          Types of property 'transition' are incompatible.
            Type '{ duration: number; ease: string; }' is not assignable to type 'Transition<any> | undefined'.
              Type '{ duration: number; ease: string; }' is not assignable to type 'TransitionWithValueOverrides<any>'.
                Type '{ duration: number; ease: string; }' is not assignable to type 'ValueAnimationTransition<any>'.
                  Types of property 'ease' are incompatible.
                    Type 'string' is not assignable to type 'Easing | Easing[] | undefined'.

[0m [90m 84 |[39m             [33m<[39m[33mdiv[39m className[33m=[39m[32m"grid grid-cols-1 lg:grid-cols-3 gap-8"[39m[33m>[39m
 [90m 85 |[39m                 {[90m/* Left Column - Photo & Basic Info */[39m}
[31m[1m>[22m[39m[90m 86 |[39m                 [33m<[39m[33mmotion[39m[33m.[39mdiv variants[33m=[39m{itemVariants} className[33m=[39m[32m"lg:col-span-1 space-y-6"[39m[33m>[39m
 [90m    |[39m                             [31m[1m^[22m[39m
 [90m 87 |[39m                     [33m<[39m[33mdiv[39m className[33m=[39m[32m"bg-white/60 backdrop-blur-xl p-8 rounded-3xl shadow-sm border border-white/60 text-center relative overflow-hidden group"[39m[33m>[39m
 [90m 88 |[39m                         {[90m/* Background decoration */[39m}
 [90m 89 |[39m                         [33m<[39m[33mdiv[39m className[33m=[39m[32m"absolute top-0 left-0 w-full h-24 bg-gradient-to-br from-blue-500/10 to-purple-500/10"[39m [33m/[39m[33m>[39m[0m
Next.js build worker exited with code: 1 and signal: null
